<?xml version="1.0" encoding="UTF-8"?>
<!-- Generated by org.testng.reporters.JUnitXMLReporter -->
<testsuite ignored="1" hostname="DESKTOP-UVPSMET" failures="0" tests="1" name="mytest" time="8.859" errors="0" timestamp="2025-01-08T16:33:36 IST">
  <testcase classname="testCases.TC001_AccountRegistrationTest" name="verify_Account_Registration" time="3.651"/>
  <testcase classname="testCases.TC002_LoginTest" name="verify_login" time="0.0">
    <ignored/>
  </testcase> <!-- verify_login -->
</testsuite> <!-- mytest -->
