<?xml version="1.0" encoding="UTF-8"?>
<!-- Generated by org.testng.reporters.JUnitXMLReporter -->
<testsuite ignored="1" hostname="DESKTOP-UVPSMET" failures="1" tests="1" name="groupingTest" time="0.101" errors="0" timestamp="2025-01-08T12:34:19 IST">
  <testcase classname="testCases.TC002_LoginTest" name="verify_login" time="0.02">
    <failure type="java.lang.NullPointerException" message="Cannot invoke &amp;quot;org.apache.logging.log4j.Logger.info(String)&amp;quot; because &amp;quot;this.logger&amp;quot; is null">
      <![CDATA[java.lang.NullPointerException: Cannot invoke "org.apache.logging.log4j.Logger.info(String)" because "this.logger" is null
at testCases.TC002_LoginTest.verify_login(TC002_LoginTest.java:15)
at java.base/java.util.ArrayList.forEach(ArrayList.java:1596)
... Removed 25 stack frames]]>
    </failure>
  </testcase> <!-- verify_login -->
  <testcase classname="testCases.TC001_AccountRegistrationTest" name="verify_Account_Registration" time="0.0">
    <ignored/>
  </testcase> <!-- verify_Account_Registration -->
</testsuite> <!-- groupingTest -->
