<?xml version="1.0" encoding="UTF-8"?>
<testng-results ignored="0" total="1" passed="1" failed="0" skipped="0">
  <reporter-output>
  </reporter-output>
  <suite started-at="2025-01-08T16:33:28 IST" name="mysuite" finished-at="2025-01-08T16:33:36 IST" duration-ms="8859">
    <groups>
      <group name="sanity">
        <method signature="TC001_AccountRegistrationTest.verify_Account_Registration()[pri:0, instance:testCases.TC001_AccountRegistrationTest@24111ef1]" name="verify_Account_Registration" class="testCases.TC001_AccountRegistrationTest"/>
      </group> <!-- sanity -->
    </groups>
    <test started-at="2025-01-08T16:33:28 IST" name="mytest" finished-at="2025-01-08T16:33:36 IST" duration-ms="8859">
      <class name="testCases.TC001_AccountRegistrationTest">
        <test-method is-config="true" signature="setup(java.lang.String,java.lang.String)[pri:0, instance:testCases.TC001_AccountRegistrationTest@24111ef1]" started-at="2025-01-08T16:33:28 IST" name="setup" finished-at="2025-01-08T16:33:33 IST" duration-ms="5003" status="PASS">
          <params>
            <param index="0">
              <value>
                <![CDATA[windows]]>
              </value>
            </param>
            <param index="1">
              <value>
                <![CDATA[chrome]]>
              </value>
            </param>
          </params>
          <reporter-output>
          </reporter-output>
        </test-method> <!-- setup -->
        <test-method signature="verify_Account_Registration()[pri:0, instance:testCases.TC001_AccountRegistrationTest@24111ef1]" started-at="2025-01-08T16:33:33 IST" name="verify_Account_Registration" finished-at="2025-01-08T16:33:36 IST" duration-ms="3651" status="PASS">
          <reporter-output>
          </reporter-output>
        </test-method> <!-- verify_Account_Registration -->
        <test-method is-config="true" signature="tearDown()[pri:0, instance:testCases.TC001_AccountRegistrationTest@24111ef1]" started-at="2025-01-08T16:33:36 IST" name="tearDown" finished-at="2025-01-08T16:33:36 IST" duration-ms="132" status="PASS">
          <reporter-output>
          </reporter-output>
        </test-method> <!-- tearDown -->
      </class> <!-- testCases.TC001_AccountRegistrationTest -->
    </test> <!-- mytest -->
  </suite> <!-- mysuite -->
</testng-results>
